SF:/home/runner/work/cen207-2025-2026-8-samet-anaz-java/cen207-2025-2026-8-samet-anaz-java/password-app/src/main/java/com/ucoruh/password/PasswordManager.java
DA:443,1
DA:448,1
DA:458,1
DA:474,1
DA:484,1
DA:500,1
DA:527,1
DA:534,1
DA:543,1
DA:439,1
DA:1019,0
DA:1020,0
DA:1028,0
DA:1036,0
DA:1018,1
DA:1011,0
DA:1012,0
DA:1123,1
DA:1125,1
DA:1130,1
DA:1140,1
DA:1152,1
DA:1168,1
DA:1177,1
DA:1186,1
DA:1193,1
DA:1102,1
DA:592,1
DA:594,1
DA:596,1
DA:602,1
DA:598,1
DA:600,1
DA:608,1
DA:621,1
DA:649,1
DA:693,1
DA:718,1
DA:752,1
DA:761,1
DA:770,1
DA:778,1
DA:789,1
DA:798,1
DA:807,1
DA:827,1
DA:634,1
DA:846,1
DA:567,1
DA:571,1
DA:1106,1
DA:1546,1
DA:40,1
DA:47,1
DA:52,1
DA:57,1
DA:62,1
DA:67,1
DA:72,1
DA:77,1
DA:86,1
DA:104,1
DA:136,1
DA:181,1
DA:205,1
DA:215,1
DA:225,1
DA:236,1
DA:252,1
DA:268,1
DA:277,1
DA:290,1
DA:976,1
DA:1454,1
DA:1464,1
DA:1473,1
DA:1482,1
DA:1491,1
DA:1500,1
DA:1515,1
DA:1524,1
DA:1533,1
DA:119,1
DA:194,1
DA:351,1
DA:918,1
DA:944,1
DA:403,1
DA:418,1
DA:34,1
DA:1563,1
DA:1565,1
DA:1567,1
DA:1572,1
DA:1585,1
DA:1606,1
DA:1629,1
DA:1644,1
DA:1655,1
DA:1664,1
DA:1677,1
DA:1542,1
DA:1214,0
DA:1215,0
DA:1220,1
DA:1232,1
DA:1252,1
DA:1291,1
DA:1337,1
DA:1413,1
DA:1423,1
DA:1434,1
DA:1441,1
DA:1309,1
DA:1372,1
DA:1394,1
DA:1213,1
DA:873,1
DA:875,1
DA:882,1
DA:891,1
DA:899,1
DA:904,0
DA:871,1
DA:1048,0
DA:1049,0
DA:1050,0
DA:1059,0
DA:1074,0
DA:1047,1
DA:1,0
end_of_record
SF:/home/runner/work/cen207-2025-2026-8-samet-anaz-java/cen207-2025-2026-8-samet-anaz-java/password-app/src/main/java/com/ucoruh/password/gui/AddPasswordController.java
DA:16,1
DA:19,1
DA:22,1
DA:25,1
DA:28,1
DA:31,1
DA:37,1
DA:46,1
DA:159,1
DA:167,1
DA:111,1
DA:14,1
DA:1,0
end_of_record
SF:/home/runner/work/cen207-2025-2026-8-samet-anaz-java/cen207-2025-2026-8-samet-anaz-java/password-app/src/main/java/com/ucoruh/password/AuthManager.java
DA:32,1
DA:44,1
DA:39,1
DA:50,1
DA:79,1
DA:94,1
DA:58,1
DA:72,1
DA:106,1
DA:114,1
DA:126,1
DA:143,1
DA:152,1
DA:183,1
DA:25,1
DA:3,0
DA:1,0
end_of_record
SF:/home/runner/work/cen207-2025-2026-8-samet-anaz-java/cen207-2025-2026-8-samet-anaz-java/password-app/src/main/java/com/ucoruh/password/AutoLoginManager.java
DA:25,1
DA:30,1
DA:35,1
DA:42,1
DA:63,1
DA:200,1
DA:220,1
DA:237,1
DA:258,1
DA:81,1
DA:93,1
DA:106,1
DA:121,1
DA:144,1
DA:21,1
DA:1,0
end_of_record
SF:/home/runner/work/cen207-2025-2026-8-samet-anaz-java/cen207-2025-2026-8-samet-anaz-java/password-app/src/main/java/com/ucoruh/password/DatabasePasswordStorage.java
DA:26,1
DA:31,1
DA:38,1
DA:83,1
DA:134,1
DA:172,1
DA:248,1
DA:276,1
DA:311,1
DA:48,1
DA:58,1
DA:20,1
DA:1,0
end_of_record
SF:/home/runner/work/cen207-2025-2026-8-samet-anaz-java/cen207-2025-2026-8-samet-anaz-java/password-app/src/main/java/com/ucoruh/password/gui/DeletePasswordController.java
DA:16,1
DA:19,1
DA:22,1
DA:25,1
DA:28,1
DA:34,1
DA:43,1
DA:76,1
DA:87,1
DA:94,1
DA:105,1
DA:149,1
DA:171,1
DA:14,1
DA:1,0
end_of_record
SF:/home/runner/work/cen207-2025-2026-8-samet-anaz-java/cen207-2025-2026-8-samet-anaz-java/password-app/src/main/java/com/ucoruh/password/gui/DialogController.java
DA:13,1
DA:18,1
DA:24,1
DA:1,0
end_of_record
SF:/home/runner/work/cen207-2025-2026-8-samet-anaz-java/cen207-2025-2026-8-samet-anaz-java/password-app/src/main/java/com/ucoruh/password/EncryptionUtil.java
DA:27,1
DA:39,1
DA:57,1
DA:99,1
DA:75,1
DA:23,1
DA:1,0
end_of_record
SF:/home/runner/work/cen207-2025-2026-8-samet-anaz-java/cen207-2025-2026-8-samet-anaz-java/password-app/src/main/java/com/ucoruh/password/FilePasswordStorage.java
DA:27,1
DA:32,1
DA:361,1
DA:39,1
DA:52,1
DA:81,1
DA:101,1
DA:150,1
DA:179,1
DA:220,1
DA:369,1
DA:378,1
DA:388,1
DA:397,1
DA:404,1
DA:20,1
DA:259,1
DA:275,0
DA:276,0
DA:277,0
DA:282,1
DA:294,1
DA:314,1
DA:332,1
DA:339,1
DA:351,1
DA:253,1
DA:1,0
end_of_record
SF:/home/runner/work/cen207-2025-2026-8-samet-anaz-java/cen207-2025-2026-8-samet-anaz-java/password-app/src/main/java/com/ucoruh/password/gui/GeneratePasswordController.java
DA:18,1
DA:21,1
DA:24,1
DA:28,1
DA:31,1
DA:34,1
DA:37,1
DA:40,1
DA:43,1
DA:46,1
DA:49,1
DA:55,1
DA:64,1
DA:86,1
DA:97,1
DA:105,1
DA:254,1
DA:270,1
DA:292,1
DA:16,1
DA:1,0
end_of_record
SF:/home/runner/work/cen207-2025-2026-8-samet-anaz-java/cen207-2025-2026-8-samet-anaz-java/password-app/src/main/java/com/ucoruh/password/PasswordGenerator.java
DA:348,1
DA:358,1
DA:368,1
DA:373,0
DA:339,1
DA:28,1
DA:34,1
DA:40,1
DA:46,1
DA:52,1
DA:63,1
DA:81,1
DA:149,1
DA:210,1
DA:253,1
DA:264,1
DA:320,1
DA:385,1
DA:439,1
DA:456,1
DA:495,1
DA:538,1
DA:173,1
DA:418,1
DA:22,1
DA:1,0
end_of_record
SF:/home/runner/work/cen207-2025-2026-8-samet-anaz-java/cen207-2025-2026-8-samet-anaz-java/password-app/src/main/java/com/ucoruh/password/InterfacePasswordStorage.java
DA:29,1
DA:36,1
DA:45,1
DA:54,1
DA:63,1
DA:73,1
DA:1,0
end_of_record
SF:/home/runner/work/cen207-2025-2026-8-samet-anaz-java/cen207-2025-2026-8-samet-anaz-java/password-app/src/main/java/com/ucoruh/password/Password.java
DA:206,1
DA:28,1
DA:33,1
DA:38,1
DA:43,1
DA:52,1
DA:65,1
DA:74,1
DA:83,1
DA:92,1
DA:101,1
DA:110,1
DA:120,1
DA:129,1
DA:136,1
DA:146,1
DA:24,1
DA:226,0
DA:227,0
DA:228,0
DA:233,1
DA:247,1
DA:271,1
DA:288,1
DA:297,1
DA:202,1
DA:156,0
DA:157,0
DA:165,1
DA:175,1
DA:184,1
DA:155,1
DA:1,0
end_of_record
SF:/home/runner/work/cen207-2025-2026-8-samet-anaz-java/cen207-2025-2026-8-samet-anaz-java/password-app/src/main/java/com/ucoruh/password/PasswordApp.java
DA:31,1
DA:148,1
DA:104,1
DA:129,1
DA:20,1
DA:1,0
end_of_record
SF:/home/runner/work/cen207-2025-2026-8-samet-anaz-java/cen207-2025-2026-8-samet-anaz-java/password-app/src/main/java/com/ucoruh/password/gui/PasswordManagerGUI.java
DA:30,1
DA:35,1
DA:40,1
DA:45,1
DA:50,1
DA:55,1
DA:60,1
DA:65,1
DA:70,1
DA:81,1
DA:88,1
DA:95,1
DA:102,1
DA:109,1
DA:116,1
DA:123,1
DA:131,1
DA:171,1
DA:369,1
DA:203,1
DA:215,1
DA:247,1
DA:413,1
DA:424,1
DA:480,1
DA:531,1
DA:605,1
DA:642,1
DA:841,1
DA:960,1
DA:1193,1
DA:25,1
DA:1,0
end_of_record
SF:/home/runner/work/cen207-2025-2026-8-samet-anaz-java/cen207-2025-2026-8-samet-anaz-java/password-app/src/main/java/com/ucoruh/password/PasswordStorageFactory.java
DA:31,1
DA:18,1
DA:1,0
end_of_record
SF:/home/runner/work/cen207-2025-2026-8-samet-anaz-java/cen207-2025-2026-8-samet-anaz-java/password-app/src/main/java/com/ucoruh/password/PlatformManager.java
DA:27,1
DA:36,1
DA:46,1
DA:55,1
DA:74,1
DA:21,1
DA:1,0
end_of_record
SF:/home/runner/work/cen207-2025-2026-8-samet-anaz-java/cen207-2025-2026-8-samet-anaz-java/password-app/src/main/java/com/ucoruh/password/StorageType.java
DA:21,1
DA:27,1
DA:17,1
DA:1,0
end_of_record
SF:/home/runner/work/cen207-2025-2026-8-samet-anaz-java/cen207-2025-2026-8-samet-anaz-java/password-app/src/main/java/com/ucoruh/password/gui/UpdatePasswordController.java
DA:16,1
DA:19,1
DA:22,1
DA:25,1
DA:28,1
DA:31,1
DA:37,1
DA:46,1
DA:79,1
DA:90,1
DA:97,1
DA:108,1
DA:188,1
DA:210,1
DA:14,1
DA:1,0
end_of_record
SF:/home/runner/work/cen207-2025-2026-8-samet-anaz-java/cen207-2025-2026-8-samet-anaz-java/password-app/src/main/java/com/ucoruh/password/gui/ViewPasswordController.java
DA:19,1
DA:22,1
DA:25,1
DA:28,1
DA:31,1
DA:37,1
DA:46,1
DA:71,1
DA:82,1
DA:89,1
DA:100,1
DA:135,1
DA:158,1
DA:17,1
DA:1,0
end_of_record
